486 B-TX: 00 00 00 C1 00 [CRC!0F47]
487 B-RX: 00 41 00 F9 50
488 B-RX: 00 02 11 30 02 01 86 BB D2 62 AF 75 42 0E 82 4B 93 F0 3C 06 BF 95
489 B-TX: 00 82 12 30 00 61 58 94 A9 A8 9E 22 8A 88 1E D3 1E A3 59 5B 94 C7 DE
490 B-TX: 00 83 12 31 00 9F 01 A9 01 01 00 05 00 28 00 6E 00 D8 01 78 00 86 22
491 B-TX: 00 80 16 10 00 00 00 00 00 4A 90 DE 1C DA 1C 18 17 18 33 00 00 00 00 00 00 79 55
492 B-RX: 00 03 0B 31 9E 01 A5 01 01 00 05 00 10 00 A9 BC
493 B-RX: 00 00 05 10 00 00 00 00 B7 2C
494 B-TX: 00 81 16 10 00 02 00 00 00 4D 90 E0 1C DA 1C 18 17 18 33 00 00 00 00 00 00 A5 98
495 B-RX: 00 01 05 10 00 00 00 00 62 B3
496 B-RX: 00 02 05 10 00 00 00 00 0C 1B
497 B-TX: 00 82 16 10 00 03 00 00 00 59 90 E2 1C DC 1C 18 17 18 34 02 00 00 00 00 00 82 16
498 B-RX: 00 03 05 10 00 00 00 00 D9 84
499 B-TX: 00 83 16 10 00 03 00 00 00 E5 90 02 1D F6 1C 18 17 18 34 1D 00 00 00 00 00 81 C2
500 B-RX: 00 00 05 10 00 00 00 00 B7 2C
501 B-TX: 00 80 16 10 00 03 00 00 00 EF 90 04 1D F8 1C 18 17 18 34 20 00 00 00 00 00 FB 9A
502 B-RX: 00 01 05 10 00 00 00 00 62 B3
503 B-TX: 00 81 16 10 00 03 00 00 00 FA 90 04 1D FA 1C 18 17 18 34 20 00 00 00 00 00 FE C4
504 B-RX: 00 02 05 10 00 00 00 00 0C 1B
505 B-TX: 00 82 16 10 00 03 00 00 00 FC 90 04 1D FC 1C 18 17 18 34 21 00 00 00 00 00 87 16
