R: 00 C0 00 ED C5
R2: 00 40 00 21 49
R2: 00 03 05 10 00 00 00 00 D9 84
R: 00 83 16 10 00 00 00 00 00 B1 95 F4 1D EC 1D 1C 1A 1B 3E 00 00 00 00 00 00 1D 8D
R: 00 02 00 00 00
R: 00 00 00 00 00
R2: 00 01 05 10 00 00 00 00 62 B3
R: 00 81 16 10 00 02 00 00 00 BA 95 F4 1D F0 1D 1C 1A 1B 3E 01 00 00 00 00 00 A4 59
R: 00 03 00 00 00
R: 00 00 00 00 00
R2: 00 03 05 10 00 00 00 00 D9 84
R: 00 03 00 00 00
R: 00 00 00 00 00
R: 00 03 00 00 00
R: 00 00 00 00 00
R2: 00 01 05 10 00 00 00 00 62 B3
R: 00 03 00 00 00
R: 00 00 00 00 00
R: 00 03 00 00 00
R: 00 00 00 00 00
R2: 00 03 05 10 00 00 00 00 D9 84
R: 00 03 00 00 00
R: 00 00 00 00 00
R: 00 03 00 00 00
R: 00 00 00 00 00
R2: 00 01 05 10 00 00 00 00 62 B3
R: 00 03 00 00 00
R: 00 00 00 00 00
R2: 00 02 05 10 00 00 00 00 0C 1B
R: 00 03 00 00 00
R: 00 00 00 00 00
R: 00 03 00 00 00
R: 00 00 00 00 00
R2: 00 00 05 10 00 00 00 00 B7 2C
R: 00 03 00 00 00
R: 00 00 00 00 00
R: 00 03 00 00 00
R: 00 00 00 00 00
R2: 00 02 05 10 00 00 00 00 0C 1B
R: 00 03 00 00 00
R: 00 00 00 00 00
R2: 00 03 05 10 00 00 00 00 D9 84
R: 00 03 00 00 00
R: 00 00 00 00 00
R: 00 03 00 00 00
R: 00 00 00 00 00
R2: 00 01 05 10 00 00 00 00 62 B3
R: 00 03 00 00 00
R: 00 00 00 00 00
R2: 00 02 05 10 00 00 00 00 0C 1B
R: 00 03 00 00 00
R: 00 00 00 00 00
R: 00 03 00 00 00
R: 00 00 00 00 00
R2: 00 00 05 10 00 00 00 00 B7 2C
R: 00 03 00 00 00
R: 00 00 00 00 00
R: 00 03 00 00 00
R: 00 00 00 00 00
R2: 00 02 05 10 00 00 00 00 0C 1B
R: 00 03 00 00 00
R: 00 00 00 00 00
R: 00 03 00 00 00
R: 00 00 00 00 00
R2: 00 00 05 10 00 00 00 00 B7 2C
R: 00 03 00 00 00
R: 00 00 00 00 00
R: 00 03 00 00 00
R: 00 00 00 00 00
R2: 00 02 05 10 00 00 00 00 0C 1B
R: 00 03 00 00 00
R: 00 00 00 00 00
R: 00 03 00 00 00
R: 00 00 00 00 00
