## Capture 2026-04-12 — Charger ↔ BT-E6000, dual-channel ordered output
## Battery at ~69% SOC, ~23°C. Charger disconnected and reconnected mid-capture.
## First clean dual-channel capture with chronological ordering.

## --- Session 1 ---
R2: 00 42 00 91 7A
R: 00 C2 00 5D F6
R2: 00 03 11 30 02 01 12 77 4F 29 1F 48 4F 59 7A D9 F8 0D 6B 04 F7 0D
R: 00 83 12 30 00 BF 6B C1 2E 2F 61 9B E1 26 33 92 FD EE 4A C8 D1 CB B3
R2: 00 00 0B 31 9E 01 A5 01 01 00 05 00 10 00 5E B2
R: 00 80 12 31 00 9F 01 A9 01 01 00 05 00 28 00 6E 00 D8 01 78 00 6D 4B
R2: 00 01 05 10 00 00 00 00 62 B3
R: 00 81 16 10 00 00 00 00 00 BD 97 5E 1E 4C 1E 17 16 18 45 04 00 00 00 00 00 58 37
R2: 00 02 05 10 00 00 00 00 0C 1B
R: 00 82 16 10 00 02 00 00 00 AE 97 5A 1E 52 1E 17 16 18 45 00 00 00 00 00 00 6C AC
R2: 00 03 05 10 00 00 00 00 D9 84
R: 00 83 16 10 00 02 00 00 00 B2 97 5A 1E 54 1E 17 16 18 45 00 00 00 00 00 00 CB 29
R2: 00 00 05 10 00 00 00 00 B7 2C
R: 00 80 16 10 00 03 00 00 00 B1 97 5A 1E 54 1E 17 16 18 45 01 00 00 00 00 00 5B 85
R2: 00 01 05 10 00 00 00 00 62 B3
R: 00 81 16 10 00 03 00 00 00 41 98 78 1E 72 1E 17 16 18 45 0E 00 00 00 00 00 AB 6E
R2: 00 02 05 10 00 00 00 00 0C 1B
R: 00 82 16 10 00 03 00 00 00 4A 98 78 1E 72 1E 17 16 18 45 20 00 00 00 00 00 40 F5
R2: 00 03 05 10 00 00 00 00 D9 84
R: 00 83 16 10 00 03 00 00 00 51 98 7E 1E 72 1E 17 16 18 45 20 00 00 00 00 00 04 CB
R2: 00 00 05 10 00 00 00 00 B7 2C
R: 00 80 16 10 00 03 00 00 00 56 98 7E 1E 74 1E 17 16 18 45 20 00 00 00 00 00 46 93
R2: 00 01 05 10 00 00 00 00 62 B3
R: 00 81 16 10 00 03 00 00 00 61 98 7E 1E 76 1E 17 16 18 45 21 00 00 00 00 00 58 96

## --- Session 2 (charger reconnected) ---
R2: 00 42 00 91 7A
R: 00 C2 00 5D F6
R2: 00 03 11 30 02 01 20 19 04 E5 2C 6C A6 12 7C D8 1E 3B 22 04 2E E8
R: 00 83 12 30 00 CF AB 96 7F 00 33 23 61 B2 8F AA 2C 10 3F EB 38 37 11
R2: 00 00 0B 31 9E 01 A5 01 01 00 05 00 10 00 5E B2
R: 00 80 12 31 00 9F 01 A9 01 01 00 05 00 28 00 6E 00 D8 01 78 00 6D 4B
R2: 00 01 05 10 00 00 00 00 62 B3
R: 00 81 16 10 00 00 00 00 00 C2 97 5E 1E 58 1E 18 16 18 45 04 00 00 00 00 00 26 14
R2: 00 02 05 10 00 00 00 00 0C 1B
R: 00 82 16 10 00 02 00 00 00 AB 97 5A 1E 52 1E 18 16 18 45 00 00 00 00 00 00 C2 A7
R2: 00 03 05 10 00 00 00 00 D9 84
R: 00 83 16 10 00 03 00 00 00 B1 97 5A 1E 54 1E 18 16 18 45 01 00 00 00 00 00 4B C5
R2: 00 00 05 10 00 00 00 00 B7 2C
R: 00 80 16 10 00 03 00 00 00 42 98 78 1E 70 1E 18 16 18 45 10 00 00 00 00 00 BB 7B
R2: 00 01 05 10 00 00 00 00 62 B3
R: 00 81 16 10 00 03 00 00 00 56 98 7C 1E 74 1E 18 16 18 45 20 00 00 00 00 00 0A 98
R2: 00 02 05 10 00 00 00 00 0C 1B
R: 00 82 16 10 00 03 00 00 00 53 98 7E 1E 72 1E 18 16 18 45 20 00 00 00 00 00 AD 29
R2: 00 03 05 10 00 00 00 00 D9 84
R: 00 83 16 10 00 03 00 00 00 59 98 7E 1E 74 1E 18 16 18 45 20 00 00 00 00 00 D1 31
R2: 00 00 05 10 00 00 00 00 B7 2C
R: 00 80 16 10 00 03 00 00 00 5C 98 80 1E 74 1E 18 16 18 45 20 00 00 00 00 00 B8 2D
