R: 00 C1 00 35 DC
R2: 00 41 00 F9 50
R2: 00 00 05 10 00 00 00 00 B7 2C
R: 00 80 16 10 00 02 00 00 00 66 95 E4 1D DE 1D 15 15 14 3D 00 00 00 00 00 00 4E 57
R: 00 02 00 00 00
R: 00 00 00 00 00
R2: 00 02 05 10 00 00 00 00 0C 1B
R: 00 82 16 10 00 03 00 00 00 6B 95 E6 1D E0 1D 15 15 14 3D 01 00 00 00 00 00 90 02
R2: 00 03 05 10 00 00 00 00 D9 84
R: 00 03 00 00 00
R: 00 00 00 00 00
R: 00 03 00 00 00
R: 00 00 00 00 00
R2: 00 01 05 10 00 00 00 00 62 B3
R: 00 03 00 00 00
R: 00 00 00 00 00
R: 00 03 00 00 00
R: 00 00 00 00 00
R2: 00 03 05 10 00 00 00 00 D9 84
R: 00 03 00 00 00
R: 00 00 00 00 00
R: 00 03 00 00 00
R: 00 00 00 00 00
R2: 00 01 05 10 00 00 00 00 62 B3
R: 00 03 00 00 00
R: 00 00 00 00 00
R: 00 03 00 00 00
R: 00 00 00 00 00
R2: 00 03 05 10 00 00 00 00 D9 84
R: 00 03 00 00 00
R: 00 00 00 00 00
R2: 00 00 05 10 00 00 00 00 B7 2C
R: 00 03 00 00 00
R: 00 00 00 00 00
R: 00 03 00 00 00
R: 00 00 00 00 00
R2: 00 02 05 10 00 00 00 00 0C 1B
R: 00 03 00 00 00
R: 00 00 00 00 00
R: 00 03 00 00 00
R: 00 00 00 00 00
R2: 00 00 05 10 00 00 00 00 B7 2C
R: 00 03 00 00 00
R: 00 00 00 00 00
R: 00 03 00 00 00
R: 00 00 00 00 00
R2: 00 02 05 10 00 00 00 00 0C 1B
R: 00 03 00 00 00
R: 00 00 00 00 00
R: 00 03 00 00 00
R: 00 00 00 00 00
R2: 00 00 05 10 00 00 00 00 B7 2C
R: 00 03 00 00 00
R: 00 00 00 00 00
R2: 00 01 05 10 00 00 00 00 62 B3
R: 00 03 00 00 00
R: 00 00 00 00 00
R: 00 03 00 00 00
R: 00 00 00 00 00
R2: 00 03 05 10 00 00 00 00 D9 84
R: 00 03 00 00 00
R: 00 00 00 00 00
R: 00 03 00 00 00
R: 00 00 00 00 00
R2: 00 01 05 10 00 00 00 00 62 B3
R: 00 03 00 00 00
R: 00 00 00 00 00
R2: 00 02 05 10 00 00 00 00 0C 1B
R: 00 03 00 00 00
R: 00 00 00 00 00
R: 00 03 00 00 00
R: 00 00 00 00 00
R2: 00 00 05 10 00 00 00 00 B7 2C
R: 00 03 00 00 00
R: 00 00 00 00 00
R: 00 03 00 00 00
R: 00 00 00 00 00
R2: 00 02 05 10 00 00 00 00 0C 1B
R: 00 03 00 00 00
R: 00 00 00 00 00
R2: 00 03 05 10 00 00 00 00 D9 84
R: 00 03 00 00 00
R: 00 00 00 00 00
R: 00 03 00 00 00
R: 00 00 00 00 00
R2: 00 01 05 10 00 00 00 00 62 B3
R: 00 03 00 00 00
R: 00 00 00 00 00
R2: 00 02 05 10 00 00 00 00 0C 1B
R: 00 03 00 00 00
R: 00 00 00 00 00
R: 00 03 00 00 00
R: 00 00 00 00 00
R2: 00 00 05 10 00 00 00 00 B7 2C
R: 00 03 00 00 00
R: 00 00 00 00 00
R: 00 03 00 00 00
R: 00 00 00 00 00
R2: 00 02 05 10 00 00 00 00 0C 1B
R: 00 03 00 00 00
R: 00 00 00 00 00
R2: 00 43 00 49 63
R: 00 C3 00 85 EF
R2: 00 02 05 10 00 00 00 00 0C 1B
R: 00 82 16 10 00 00 00 00 00 D3 95 FA 1D F4 1D 15 15 15 3D 18 00 00 00 00 00 FC C9
R2: 00 03 05 10 00 00 00 00 D9 84
R: 00 02 00 00 00
R: 00 00 00 00 00
R: 00 03 00 00 00
R: 00 00 00 00 00
R2: 00 01 05 10 00 00 00 00 62 B3
R: 00 03 00 00 00
R: 00 00 00 00 00
R: 00 03 00 00 00
R: 00 00 00 00 00
R2: 00 03 05 10 00 00 00 00 D9 84
R: 00 03 00 00 00
R: 00 00 00 00 00
R: 00 03 00 00 00
R: 00 00 00 00 00
R2: 00 01 05 10 00 00 00 00 62 B3
R: 00 03 00 00 00
R: 00 00 00 00 00
R: 00 03 00 00 00
R: 00 00 00 00 00
