## BT-E6001 charger session — battery reports 0V, charging fails
## Date: 2026-04-03
## Battery: BT-E6001 (defective), Charger: EC-E6002
## SOC: 29% (EEPROM value), Temperature: ~25°C ambient

# Charger handshake attempts (3x, no battery response)
R2: 00 43 00 49 63
R2: 00 43 00 49 63
R2: 00 43 00 49 63

# Charger starts polling with 0x04 flag (error recovery?)
R2: 00 01 05 10 04 00 00 00 8E C1
R2: 00 02 05 10 04 00 00 00 E0 69

# Battery responds — offset 1 = 0x10 (fault flag?), pack voltage = 5 mV (~0V)
R: 00 82 16 10 10 00 00 02 05 00 00 00 00 00 00 19 19 19 1D 00 00 00 00 00 00 96 1C

# Charger retries handshake — battery responds this time
R2: 00 43 00 49 63
R: 00 C3 00 85 EF

# Normal poll (0x00 flag now)
R2: 00 02 05 10 00 00 00 00 0C 1B

# Telemetry: State=0x02 (Precharge), but still 0V pack voltage, offset 4 = 0x02
R: 00 82 16 10 00 02 00 02 00 00 00 00 00 00 00 19 19 19 1D 00 00 01 00 00 00 50 88

# Ack pairs — battery alive but no telemetry data
R: 00 02 00 00 00
R: 00 00 01 00 00 00
R2: 00 00 05 10 00 00 00 00 B7 2C
R: 00 02 00 00 00
R: 00 00 01 00 00 00
R2: 00 01 05 10 00 00 00 00 62 B3
R: 00 02 00 00 00
R: 00 00 01 00 00 00
R: 00 02 00 00 00
R: 00 00 01 00 00 00
R2: 00 03 05 10 00 00 00 00 D9 84
R: 00 02 00 00 00
R: 00 00 01 00 00 00
R2: 00 00 05 10 00 00 00 00 B7 2C
R: 00 02 00 00 00
R: 00 00 01 00 00 00
R: 00 02 00 00 00
R: 00 00 01 00 00 00
R2: 00 02 05 10 00 00 00 00 0C 1B

# Unusual ack — 2 data bytes instead of 1
R: 00 00 02 00 00 00 00
R: 00 00 01 00 00 00

# Charger retries handshake again
R2: 00 43 00 49 63
R: 00 C3 00 85 EF

# Another handshake pair
R2: 00 41 00 F9 50
R: 00 C1 00 35 DC

# Final handshake
R2: 00 43 00 49 63
R: 00 C3 00 85 EF
