R2: 00 40 00 21 49
R: 00 C0 00 ED C5
R2: 00 03 05 10 00 00 00 00 D9 84
R: 00 83 16 10 00 00 00 00 00 61 95 E2 1D DE 1D 16 16 16 3D 00 00 00 00 00 00 10 19
R2: 00 00 05 10 00 00 00 00 B7 2C
R: 00 02 00 00 00
R: 00 00 00 00 00
R: 00 81 16 10 00 02 00 00 00 6D 95 E6 1D E0 1D 16 16 16 3D 00 00 00 00 00 00 73 A1
R2: 00 02 05 10 00 00 00 00 0C 1B
R: 00 03 00 00 00
R: 00 00 00 00 00
R: 00 03 00 00 00
R: 00 00 00 00 00
R2: 00 00 05 10 00 00 00 00 B7 2C
R: 00 03 00 00 00
R: 00 00 00 00 00
R2: 00 41 00 F9 50
R: 00 C1 00 35 DC
R2: 00 00 05 10 00 00 00 00 B7 2C
R: 00 80 16 10 00 00 00 00 00 79 95 E8 1D E2 1D 16 16 16 3D 16 00 00 00 00 00 9F 7C
R: 00 02 00 00 00
R: 00 00 00 00 00
R2: 00 02 05 10 00 00 00 00 0C 1B
R: 00 02 00 00 00
R: 00 00 00 00 00
R: 00 83 16 10 00 03 00 00 00 74 95 E6 1D E2 1D 16 16 16 3D 01 00 00 00 00 00 61 B1
R2: 00 00 05 10 00 00 00 00 B7 2C
R: 00 03 00 00 00
R: 00 00 00 00 00
R: 00 03 00 00 00
R: 00 00 00 00 00
R2: 00 02 05 10 00 00 00 00 0C 1B
R: 00 03 00 00 00
R: 00 00 00 00 00
R: 00 03 00 00 00
R: 00 00 00 00 00
R: 00 C0 00 ED C5
R2: 00 40 00 21 49
R2: 00 03 05 10 00 00 00 00 D9 84
R: 00 83 16 10 00 00 00 00 00 86 95 EA 1D E6 1D 16 16 16 3D 04 00 00 00 00 00 0E 99
R2: 00 00 05 10 00 00 00 00 B7 2C
R: 00 02 00 00 00
R: 00 00 00 00 00
R: 00 81 16 10 00 03 00 00 00 7F 95 E8 1D E4 1D 16 16 16 3D 01 00 00 00 00 00 CF 2B
R2: 00 02 05 10 00 00 00 00 0C 1B
R: 00 03 00 00 00
R: 00 00 00 00 00
R2: 00 03 05 10 00 00 00 00 D9 84
R: 00 03 00 00 00
R: 00 00 00 00 00
R: 00 03 00 00 00
R: 00 00 00 00 00
R: 00 C1 00 35 DC
R2: 00 41 00 F9 50
R2: 00 00 05 10 00 00 00 00 B7 2C
R: 00 80 16 10 00 00 00 00 00 89 95 EA 1D E6 1D 16 16 16 3D 04 00 00 00 00 00 45 96
R2: 00 01 05 10 00 00 00 00 62 B3
R: 00 02 00 00 00
R: 00 00 00 00 00
R: 00 03 00 00 00
R: 00 00 00 00 00
R2: 00 03 05 10 00 00 00 00 D9 84
R: 00 03 00 00 00
R: 00 00 00 00 00
R: 00 03 00 00 00
R: 00 00 00 00 00
R2: 00 01 05 10 00 00 00 00 62 B3
R: 00 03 00 00 00
R: 00 00 00 00 00
R2: 00 42 00 91 7A
R: 00 C2 00 5D F6
R2: 00 01 05 10 00 00 00 00 62 B3
R: 00 81 16 10 00 00 00 00 00 91 95 EC 1D E8 1D 16 16 16 3D 13 00 00 00 00 00 60 61
R: 00 02 00 00 00
R: 00 00 00 00 00
R2: 00 03 05 10 00 00 00 00 D9 84
R: 00 83 16 10 00 02 00 00 00 86 95 EA 1D E6 1D 16 16 16 3D 00 00 00 00 00 00 1F 3F
R2: 00 00 05 10 00 00 00 00 B7 2C
R: 00 03 00 00 00
R: 00 00 00 00 00
R: 00 03 00 00 00
R: 00 00 00 00 00
R2: 00 02 05 10 00 00 00 00 0C 1B
R: 00 03 00 00 00
R: 00 00 00 00 00
